{
  "stats": {
    "suites": 1,
    "tests": 3,
    "passes": 3,
    "pending": 0,
    "failures": 0,
    "start": "2020-06-17T03:05:33.552Z",
    "end": "2020-06-17T03:05:33.564Z",
    "duration": 12,
    "testsRegistered": 3,
    "passPercent": 100,
    "pendingPercent": 0,
    "other": 0,
    "hasOther": false,
    "skipped": 0,
    "hasSkipped": false
  },
  "results": [
    {
      "uuid": "ececa567-0338-4935-a4c3-34524eb68c5e",
      "title": "",
      "fullFile": "",
      "file": "",
      "beforeHooks": [],
      "afterHooks": [],
      "tests": [],
      "suites": [
        {
          "uuid": "b2e22242-3d49-42b7-b2d5-176ee3f48fc6",
          "title": "TEST ROBOT",
          "fullFile": "/root/Documents/Test/toy_robot_simulator/test/toy_robot.js",
          "file": "/test/toy_robot.js",
          "beforeHooks": [],
          "afterHooks": [],
          "tests": [
            {
              "title": "TEST INPUT AND OUTPUT COMMANDS",
              "fullTitle": "TEST ROBOT TEST INPUT AND OUTPUT COMMANDS",
              "timedOut": false,
              "duration": 1,
              "state": "passed",
              "speed": "fast",
              "pass": true,
              "fail": false,
              "pending": false,
              "context": null,
              "code": "let robot = new Robot();\nrobot.place(1, 0, 'NORTH');\ntable.addRobot(robot);\n\nrobot.move();\nrobot.move();\nrobot.right();\nrobot.move();\n\nexpect(robot.x).to.be.equal(2);\nexpect(robot.y).to.be.equal(2);\nexpect(robot.f).to.be.equal('e');\n\ndone();\nrobot.report();",
              "err": {},
              "uuid": "3c630af7-232c-4262-bd05-4faee12ed90d",
              "parentUUID": "b2e22242-3d49-42b7-b2d5-176ee3f48fc6",
              "isHook": false,
              "skipped": false
            },
            {
              "title": "ADD SECOND ROBOT WITH COMMANDS",
              "fullTitle": "TEST ROBOT ADD SECOND ROBOT WITH COMMANDS",
              "timedOut": false,
              "duration": 1,
              "state": "passed",
              "speed": "fast",
              "pass": true,
              "fail": false,
              "pending": false,
              "context": null,
              "code": "let robot = new Robot();\nrobot.place(2, 2, 'NORTH');\ntable.addRobot(robot);\n\nrobot.move();\nrobot.move();\nrobot.left();\nrobot.left();\nrobot.move();\n\nexpect(robot.x).to.be.equal(2);\nexpect(robot.y).to.be.equal(3);\nexpect(robot.f).to.be.equal('s');\n\ndone();\nrobot.report();",
              "err": {},
              "uuid": "e60d723c-9e7a-4b9a-9140-dc6873365140",
              "parentUUID": "b2e22242-3d49-42b7-b2d5-176ee3f48fc6",
              "isHook": false,
              "skipped": false
            },
            {
              "title": "CHECK TABLE AND LIST ALL ROBOTS",
              "fullTitle": "TEST ROBOT CHECK TABLE AND LIST ALL ROBOTS",
              "timedOut": false,
              "duration": 1,
              "state": "passed",
              "speed": "fast",
              "pass": true,
              "fail": false,
              "pending": false,
              "context": null,
              "code": "expect(table.robots).to.have.lengthOf.above(0);\n        \n        done();\n        table.listRobots();",
              "err": {},
              "uuid": "12465f78-5b1c-47fd-a2eb-2d42acc1d3ed",
              "parentUUID": "b2e22242-3d49-42b7-b2d5-176ee3f48fc6",
              "isHook": false,
              "skipped": false
            }
          ],
          "suites": [],
          "passes": [
            "3c630af7-232c-4262-bd05-4faee12ed90d",
            "e60d723c-9e7a-4b9a-9140-dc6873365140",
            "12465f78-5b1c-47fd-a2eb-2d42acc1d3ed"
          ],
          "failures": [],
          "pending": [],
          "skipped": [],
          "duration": 3,
          "root": false,
          "rootEmpty": false,
          "_timeout": 150000
        }
      ],
      "passes": [],
      "failures": [],
      "pending": [],
      "skipped": [],
      "duration": 0,
      "root": true,
      "rootEmpty": true,
      "_timeout": 150000
    }
  ],
  "meta": {
    "mocha": {
      "version": "8.0.1"
    },
    "mochawesome": {
      "options": {
        "quiet": false,
        "reportFilename": "mochawesome",
        "saveHtml": true,
        "saveJson": true,
        "consoleReporter": "spec",
        "useInlineDiffs": false,
        "code": true
      },
      "version": "6.1.1"
    },
    "marge": {
      "options": null,
      "version": "5.1.0"
    }
  }
}